#! /usr/bin/vvp
:ivl_version "10.1 (stable)";
:ivl_delay_selection "TYPICAL";
:vpi_time_precision - 9;
:vpi_module "system";
:vpi_module "vhdl_sys";
:vpi_module "v2005_math";
:vpi_module "va_math";
S_0x5649a87a94d0 .scope module, "seq_mult_tb" "seq_mult_tb" 2 12;
 .timescale -9 -9;
v0x5649a87c9fe0_0 .net/s *"_s0", 15 0, L_0x5649a87caca0;  1 drivers
v0x5649a87ca0e0_0 .net/s *"_s2", 15 0, L_0x5649a87cad70;  1 drivers
v0x5649a87ca1c0_0 .var/s "a", 7 0;
v0x5649a87ca290_0 .net/s "ans", 15 0, L_0x5649a87cae60;  1 drivers
v0x5649a87ca350_0 .var/s "b", 7 0;
v0x5649a87ca410_0 .var "clk", 0 0;
v0x5649a87ca4e0_0 .var/i "err", 31 0;
v0x5649a87ca580_0 .var/i "fp", 31 0;
v0x5649a87ca660_0 .var/i "i", 31 0;
v0x5649a87ca7d0_0 .var/i "numtests", 31 0;
v0x5649a87ca8b0_0 .net/s "p", 15 0, v0x5649a87c9be0_0;  1 drivers
v0x5649a87ca9a0_0 .net "rdy", 0 0, v0x5649a87c9da0_0;  1 drivers
v0x5649a87caa70_0 .var "reset", 0 0;
v0x5649a87cab40_0 .var/i "s", 31 0;
v0x5649a87cabe0_0 .var/i "total", 31 0;
L_0x5649a87caca0 .extend/s 16, v0x5649a87ca1c0_0;
L_0x5649a87cad70 .extend/s 16, v0x5649a87ca350_0;
L_0x5649a87cae60 .arith/mult 16, L_0x5649a87caca0, L_0x5649a87cad70;
S_0x5649a87a9650 .scope task, "apply_and_check" "apply_and_check" 2 38, 2 38 0, S_0x5649a87a94d0;
 .timescale -9 -9;
v0x5649a87a1000_0 .var "ain", 7 0;
v0x5649a87c92e0_0 .var "bin", 7 0;
E_0x5649a8791a90 .event posedge, v0x5649a87c9850_0;
TD_seq_mult_tb.apply_and_check ;
    %load/vec4 v0x5649a87a1000_0;
    %store/vec4 v0x5649a87ca1c0_0, 0, 8;
    %load/vec4 v0x5649a87c92e0_0;
    %store/vec4 v0x5649a87ca350_0, 0, 8;
    %pushi/vec4 1, 0, 1;
    %store/vec4 v0x5649a87caa70_0, 0, 1;
    %wait E_0x5649a8791a90;
    %delay 1, 0;
    %pushi/vec4 0, 0, 1;
    %store/vec4 v0x5649a87caa70_0, 0, 1;
T_0.0 ;
    %load/vec4 v0x5649a87ca9a0_0;
    %pad/u 32;
    %cmpi/e 0, 0, 32;
    %jmp/0xz T_0.1, 4;
    %wait E_0x5649a8791a90;
    %jmp T_0.0;
T_0.1 ;
    %load/vec4 v0x5649a87ca8b0_0;
    %load/vec4 v0x5649a87ca290_0;
    %cmp/e;
    %jmp/0xz  T_0.2, 4;
    %vpi_call 2 59 "$display", $time, " Passed %d * %d = %d", v0x5649a87ca1c0_0, v0x5649a87ca350_0, v0x5649a87ca8b0_0 {0 0 0};
    %jmp T_0.3;
T_0.2 ;
    %vpi_call 2 61 "$display", $time, " Fail %d * %d: %d instead of %d", v0x5649a87ca1c0_0, v0x5649a87ca350_0, v0x5649a87ca8b0_0, v0x5649a87ca290_0 {0 0 0};
    %load/vec4 v0x5649a87ca4e0_0;
    %addi 1, 0, 32;
    %store/vec4 v0x5649a87ca4e0_0, 0, 32;
T_0.3 ;
    %load/vec4 v0x5649a87cabe0_0;
    %pushi/vec4 1, 0, 32;
    %add;
    %store/vec4 v0x5649a87cabe0_0, 0, 32;
    %end;
S_0x5649a87c93c0 .scope module, "dut" "seq_mult" 2 27, 3 25 0, S_0x5649a87a94d0;
 .timescale -9 -9;
    .port_info 0 /OUTPUT 16 "p"
    .port_info 1 /OUTPUT 1 "rdy"
    .port_info 2 /INPUT 1 "clk"
    .port_info 3 /INPUT 1 "reset"
    .port_info 4 /INPUT 8 "a"
    .port_info 5 /INPUT 8 "b"
v0x5649a87c9670_0 .net "a", 7 0, v0x5649a87ca1c0_0;  1 drivers
v0x5649a87c9770_0 .net "b", 7 0, v0x5649a87ca350_0;  1 drivers
v0x5649a87c9850_0 .net "clk", 0 0, v0x5649a87ca410_0;  1 drivers
v0x5649a87c98f0_0 .var "ctr", 4 0;
v0x5649a87c99d0_0 .var "multiplicand", 15 0;
v0x5649a87c9b00_0 .var "multiplier", 15 0;
v0x5649a87c9be0_0 .var "p", 15 0;
v0x5649a87c9cc0_0 .var "partial_product", 15 0;
v0x5649a87c9da0_0 .var "rdy", 0 0;
v0x5649a87c9e60_0 .net "reset", 0 0, v0x5649a87caa70_0;  1 drivers
E_0x5649a8790800 .event posedge, v0x5649a87c9e60_0, v0x5649a87c9850_0;
    .scope S_0x5649a87c93c0;
T_1 ;
    %wait E_0x5649a8790800;
    %load/vec4 v0x5649a87c9e60_0;
    %flag_set/vec4 8;
    %jmp/0xz  T_1.0, 8;
    %pushi/vec4 0, 0, 1;
    %assign/vec4 v0x5649a87c9da0_0, 0;
    %pushi/vec4 0, 0, 16;
    %assign/vec4 v0x5649a87c9be0_0, 0;
    %pushi/vec4 0, 0, 5;
    %assign/vec4 v0x5649a87c98f0_0, 0;
    %pushi/vec4 0, 0, 16;
    %assign/vec4 v0x5649a87c9cc0_0, 0;
    %load/vec4 v0x5649a87c9670_0;
    %parti/s 1, 7, 4;
    %replicate 8;
    %load/vec4 v0x5649a87c9670_0;
    %concat/vec4; draw_concat_vec4
    %assign/vec4 v0x5649a87c9b00_0, 0;
    %load/vec4 v0x5649a87c9770_0;
    %parti/s 1, 7, 4;
    %replicate 8;
    %load/vec4 v0x5649a87c9770_0;
    %concat/vec4; draw_concat_vec4
    %assign/vec4 v0x5649a87c99d0_0, 0;
    %jmp T_1.1;
T_1.0 ;
    %load/vec4 v0x5649a87c98f0_0;
    %pad/u 32;
    %cmpi/u 16, 0, 32;
    %jmp/0xz  T_1.2, 5;
    %load/vec4 v0x5649a87c9b00_0;
    %load/vec4 v0x5649a87c98f0_0;
    %part/u 1;
    %cmpi/e 1, 0, 1;
    %flag_mov 8, 6;
    %jmp/0 T_1.4, 8;
    %load/vec4 v0x5649a87c99d0_0;
    %ix/getv 4, v0x5649a87c98f0_0;
    %shiftl 4;
    %jmp/1 T_1.5, 8;
T_1.4 ; End of true expr.
    %pushi/vec4 0, 0, 16;
    %jmp/0 T_1.5, 8;
 ; End of false expr.
    %blend;
T_1.5;
    %assign/vec4 v0x5649a87c9cc0_0, 0;
    %load/vec4 v0x5649a87c9be0_0;
    %load/vec4 v0x5649a87c9cc0_0;
    %add;
    %assign/vec4 v0x5649a87c9be0_0, 0;
    %load/vec4 v0x5649a87c98f0_0;
    %addi 1, 0, 5;
    %assign/vec4 v0x5649a87c98f0_0, 0;
    %jmp T_1.3;
T_1.2 ;
    %pushi/vec4 0, 0, 5;
    %assign/vec4 v0x5649a87c98f0_0, 0;
    %pushi/vec4 1, 0, 1;
    %assign/vec4 v0x5649a87c9da0_0, 0;
T_1.3 ;
T_1.1 ;
    %load/vec4 v0x5649a87c9b00_0;
    %parti/s 1, 7, 4;
    %load/vec4 v0x5649a87c99d0_0;
    %parti/s 1, 7, 4;
    %and;
    %flag_set/vec4 8;
    %jmp/0xz  T_1.6, 8;
    %pushi/vec4 0, 0, 1;
    %ix/load 4, 15, 0;
    %ix/load 5, 0, 0;
    %flag_set/imm 4, 0;
    %assign/vec4/off/d v0x5649a87c9be0_0, 4, 5;
T_1.6 ;
    %jmp T_1;
    .thread T_1;
    .scope S_0x5649a87a94d0;
T_2 ;
    %delay 5, 0;
    %load/vec4 v0x5649a87ca410_0;
    %nor/r;
    %store/vec4 v0x5649a87ca410_0, 0, 1;
    %jmp T_2;
    .thread T_2;
    .scope S_0x5649a87a94d0;
T_3 ;
    %pushi/vec4 1, 0, 1;
    %store/vec4 v0x5649a87ca410_0, 0, 1;
    %pushi/vec4 0, 0, 32;
    %store/vec4 v0x5649a87cabe0_0, 0, 32;
    %pushi/vec4 0, 0, 32;
    %store/vec4 v0x5649a87ca4e0_0, 0, 32;
    %vpi_func 2 76 "$fopen" 32, "test_in.dat", "r" {0 0 0};
    %store/vec4 v0x5649a87ca580_0, 0, 32;
    %vpi_func 2 77 "$fscanf" 32, v0x5649a87ca580_0, "%d\012", v0x5649a87ca7d0_0 {0 0 0};
    %store/vec4 v0x5649a87cab40_0, 0, 32;
    %pushi/vec4 0, 0, 32;
    %store/vec4 v0x5649a87ca660_0, 0, 32;
T_3.0 ;
    %load/vec4 v0x5649a87ca660_0;
    %load/vec4 v0x5649a87ca7d0_0;
    %cmp/s;
    %jmp/0xz T_3.1, 5;
    %vpi_func 2 80 "$fscanf" 32, v0x5649a87ca580_0, "%d %d\012", v0x5649a87ca1c0_0, v0x5649a87ca350_0 {0 0 0};
    %store/vec4 v0x5649a87cab40_0, 0, 32;
    %load/vec4 v0x5649a87ca1c0_0;
    %store/vec4 v0x5649a87a1000_0, 0, 8;
    %load/vec4 v0x5649a87ca350_0;
    %store/vec4 v0x5649a87c92e0_0, 0, 8;
    %fork TD_seq_mult_tb.apply_and_check, S_0x5649a87a9650;
    %join;
    %load/vec4 v0x5649a87ca660_0;
    %addi 1, 0, 32;
    %store/vec4 v0x5649a87ca660_0, 0, 32;
    %jmp T_3.0;
T_3.1 ;
    %pushi/vec4 0, 0, 32;
    %load/vec4 v0x5649a87ca4e0_0;
    %cmp/s;
    %jmp/0xz  T_3.2, 5;
    %vpi_call 2 98 "$display", "FAIL %d out of %d", v0x5649a87ca4e0_0, v0x5649a87cabe0_0 {0 0 0};
    %jmp T_3.3;
T_3.2 ;
    %vpi_call 2 100 "$display", "PASS %d tests", v0x5649a87cabe0_0 {0 0 0};
T_3.3 ;
    %vpi_call 2 102 "$finish" {0 0 0};
    %end;
    .thread T_3;
# The file index is used to find the file name in the following table.
:file_names 4;
    "N/A";
    "<interactive>";
    "seq_mult_tb.v";
    "./seq_mult.v";
